2023-04-17T11:51:22+00:00 CRITICAL Uncaught ValueError: Unknown format specifier "w" in C:\xampp\htdocs\E-commerce wordpress\wp-includes\class-wp-customize-manager.php:5391
Stack trace:
#0 C:\xampp\htdocs\E-commerce wordpress\wp-includes\class-wp-customize-manager.php(5391): sprintf('http://localhos...', 'http://localhos...', 'http://localhos...')
#1 C:\xampp\htdocs\E-commerce wordpress\wp-includes\class-wp-hook.php(308): WP_Customize_Manager->register_controls(Object(WP_Customize_Manager))
#2 C:\xampp\htdocs\E-commerce wordpress\wp-includes\class-wp-hook.php(332): WP_Hook->apply_filters(NULL, Array)
#3 C:\xampp\htdocs\E-commerce wordpress\wp-includes\plugin.php(517): WP_Hook->do_action(Array)
#4 C:\xampp\htdocs\E-commerce wordpress\wp-includes\class-wp-customize-manager.php(934): do_action('customize_regis...', Object(WP_Customize_Manager))
#5 C:\xampp\htdocs\E-commerce wordpress\wp-includes\class-wp-hook.php(308): WP_Customize_Manager->wp_loaded('')
#6 C:\xampp\htdocs\E-commerce wordpress\wp-includes\class-wp-hook.php(332): WP_Hook->apply_filters(NULL, Array)
#7 C:\xampp\htdocs\E-commerce wordpress\wp-includes\plugin.php(517): WP_Hook->do_action(Array)
#8 C:\xampp\htdocs\E-commerce wordpress\wp-settings.php(645): do_action('wp_loaded')
#9 C:\xampp\htdocs\E-commerce wordpress\wp-config.php(96): require_once('C:\\xampp\\htdocs...')
#10 C:\xampp\htdocs\E-commerce wordpress\wp-load.php(50): require_once('C:\\xampp\\htdocs...')
#11 C:\xampp\htdocs\E-commerce wordpress\wp-admin\admin.php(34): require_once('C:\\xampp\\htdocs...')
#12 C:\xampp\htdocs\E-commerce wordpress\wp-admin\customize.php(13): require_once('C:\\xampp\\htdocs...')
#13 {main}
  thrown in C:\xampp\htdocs\E-commerce wordpress\wp-includes\class-wp-customize-manager.php on line 5391

2023-04-17T12:29:39+00:00 CRITICAL Uncaught Error: Undefined constant "add" in C:\xampp\htdocs\E-commerce wordpress\wp-content\plugins\firstPlugin.php:11
Stack trace:
#0 C:\xampp\htdocs\E-commerce wordpress\wp-admin\includes\plugin.php(2314): include_once()
#1 C:\xampp\htdocs\E-commerce wordpress\wp-admin\includes\plugin.php(661): plugin_sandbox_scrape('firstPlugin.php')
#2 C:\xampp\htdocs\E-commerce wordpress\wp-admin\plugins.php(58): activate_plugin('firstPlugin.php', 'http://localhos...', false)
#3 {main}
  thrown in C:\xampp\htdocs\E-commerce wordpress\wp-content\plugins\firstPlugin.php on line 11

2023-04-17T12:29:45+00:00 CRITICAL Uncaught Error: Undefined constant "add" in C:\xampp\htdocs\E-commerce wordpress\wp-content\plugins\firstPlugin.php:11
Stack trace:
#0 C:\xampp\htdocs\E-commerce wordpress\wp-admin\includes\plugin.php(2314): include_once()
#1 C:\xampp\htdocs\E-commerce wordpress\wp-admin\plugins.php(192): plugin_sandbox_scrape('firstPlugin.php')
#2 {main}
  thrown in C:\xampp\htdocs\E-commerce wordpress\wp-content\plugins\firstPlugin.php on line 11

2023-04-17T12:29:46+00:00 CRITICAL Uncaught Error: Undefined constant "add" in C:\xampp\htdocs\E-commerce wordpress\wp-content\plugins\firstPlugin.php:11
Stack trace:
#0 C:\xampp\htdocs\E-commerce wordpress\wp-admin\includes\plugin.php(2314): include_once()
#1 C:\xampp\htdocs\E-commerce wordpress\wp-admin\plugins.php(192): plugin_sandbox_scrape('firstPlugin.php')
#2 {main}
  thrown in C:\xampp\htdocs\E-commerce wordpress\wp-content\plugins\firstPlugin.php on line 11

2023-04-17T12:36:45+00:00 CRITICAL Uncaught Error: Undefined constant "add" in C:\xampp\htdocs\E-commerce wordpress\wp-content\plugins\firstPlugin.php:11
Stack trace:
#0 C:\xampp\htdocs\E-commerce wordpress\wp-admin\includes\plugin.php(2314): include_once()
#1 C:\xampp\htdocs\E-commerce wordpress\wp-admin\includes\plugin.php(661): plugin_sandbox_scrape('firstPlugin.php')
#2 C:\xampp\htdocs\E-commerce wordpress\wp-admin\plugins.php(58): activate_plugin('firstPlugin.php', 'http://localhos...', false)
#3 {main}
  thrown in C:\xampp\htdocs\E-commerce wordpress\wp-content\plugins\firstPlugin.php on line 11

2023-04-17T12:36:51+00:00 CRITICAL Uncaught Error: Undefined constant "add" in C:\xampp\htdocs\E-commerce wordpress\wp-content\plugins\firstPlugin.php:11
Stack trace:
#0 C:\xampp\htdocs\E-commerce wordpress\wp-admin\includes\plugin.php(2314): include_once()
#1 C:\xampp\htdocs\E-commerce wordpress\wp-admin\plugins.php(192): plugin_sandbox_scrape('firstPlugin.php')
#2 {main}
  thrown in C:\xampp\htdocs\E-commerce wordpress\wp-content\plugins\firstPlugin.php on line 11

2023-04-17T12:36:51+00:00 CRITICAL Uncaught Error: Undefined constant "add" in C:\xampp\htdocs\E-commerce wordpress\wp-content\plugins\firstPlugin.php:11
Stack trace:
#0 C:\xampp\htdocs\E-commerce wordpress\wp-admin\includes\plugin.php(2314): include_once()
#1 C:\xampp\htdocs\E-commerce wordpress\wp-admin\plugins.php(192): plugin_sandbox_scrape('firstPlugin.php')
#2 {main}
  thrown in C:\xampp\htdocs\E-commerce wordpress\wp-content\plugins\firstPlugin.php on line 11

2023-04-17T12:37:01+00:00 CRITICAL Uncaught Error: Undefined constant "add" in C:\xampp\htdocs\E-commerce wordpress\wp-content\plugins\firstPlugin.php:11
Stack trace:
#0 C:\xampp\htdocs\E-commerce wordpress\wp-admin\includes\plugin.php(2314): include_once()
#1 C:\xampp\htdocs\E-commerce wordpress\wp-admin\includes\plugin.php(661): plugin_sandbox_scrape('firstPlugin.php')
#2 C:\xampp\htdocs\E-commerce wordpress\wp-admin\plugins.php(58): activate_plugin('firstPlugin.php', 'http://localhos...', false)
#3 {main}
  thrown in C:\xampp\htdocs\E-commerce wordpress\wp-content\plugins\firstPlugin.php on line 11

2023-04-17T12:37:07+00:00 CRITICAL Uncaught Error: Undefined constant "add" in C:\xampp\htdocs\E-commerce wordpress\wp-content\plugins\firstPlugin.php:11
Stack trace:
#0 C:\xampp\htdocs\E-commerce wordpress\wp-admin\includes\plugin.php(2314): include_once()
#1 C:\xampp\htdocs\E-commerce wordpress\wp-admin\plugins.php(192): plugin_sandbox_scrape('firstPlugin.php')
#2 {main}
  thrown in C:\xampp\htdocs\E-commerce wordpress\wp-content\plugins\firstPlugin.php on line 11

2023-04-17T12:37:08+00:00 CRITICAL Uncaught Error: Undefined constant "add" in C:\xampp\htdocs\E-commerce wordpress\wp-content\plugins\firstPlugin.php:11
Stack trace:
#0 C:\xampp\htdocs\E-commerce wordpress\wp-admin\includes\plugin.php(2314): include_once()
#1 C:\xampp\htdocs\E-commerce wordpress\wp-admin\plugins.php(192): plugin_sandbox_scrape('firstPlugin.php')
#2 {main}
  thrown in C:\xampp\htdocs\E-commerce wordpress\wp-content\plugins\firstPlugin.php on line 11

2023-04-17T12:37:33+00:00 CRITICAL Uncaught Error: Undefined constant "add" in C:\xampp\htdocs\E-commerce wordpress\wp-content\plugins\firstPlugin.php:11
Stack trace:
#0 C:\xampp\htdocs\E-commerce wordpress\wp-admin\includes\plugin.php(2314): include_once()
#1 C:\xampp\htdocs\E-commerce wordpress\wp-admin\includes\plugin.php(661): plugin_sandbox_scrape('firstPlugin.php')
#2 C:\xampp\htdocs\E-commerce wordpress\wp-admin\plugins.php(58): activate_plugin('firstPlugin.php', 'http://localhos...', false)
#3 {main}
  thrown in C:\xampp\htdocs\E-commerce wordpress\wp-content\plugins\firstPlugin.php on line 11

2023-04-17T12:37:39+00:00 CRITICAL Uncaught Error: Undefined constant "add" in C:\xampp\htdocs\E-commerce wordpress\wp-content\plugins\firstPlugin.php:11
Stack trace:
#0 C:\xampp\htdocs\E-commerce wordpress\wp-admin\includes\plugin.php(2314): include_once()
#1 C:\xampp\htdocs\E-commerce wordpress\wp-admin\plugins.php(192): plugin_sandbox_scrape('firstPlugin.php')
#2 {main}
  thrown in C:\xampp\htdocs\E-commerce wordpress\wp-content\plugins\firstPlugin.php on line 11

2023-04-17T12:37:39+00:00 CRITICAL Uncaught Error: Undefined constant "add" in C:\xampp\htdocs\E-commerce wordpress\wp-content\plugins\firstPlugin.php:11
Stack trace:
#0 C:\xampp\htdocs\E-commerce wordpress\wp-admin\includes\plugin.php(2314): include_once()
#1 C:\xampp\htdocs\E-commerce wordpress\wp-admin\plugins.php(192): plugin_sandbox_scrape('firstPlugin.php')
#2 {main}
  thrown in C:\xampp\htdocs\E-commerce wordpress\wp-content\plugins\firstPlugin.php on line 11

2023-04-17T12:49:02+00:00 CRITICAL Uncaught TypeError: call_user_func_array(): Argument #1 ($callback) must be a valid callback, function "show" not found or invalid function name in C:\xampp\htdocs\E-commerce wordpress\wp-includes\class-wp-hook.php:308
Stack trace:
#0 C:\xampp\htdocs\E-commerce wordpress\wp-includes\plugin.php(205): WP_Hook->apply_filters('\n<p>This is an ...', Array)
#1 C:\xampp\htdocs\E-commerce wordpress\wp-includes\post-template.php(255): apply_filters('the_content', '<!-- wp:paragra...')
#2 C:\xampp\htdocs\E-commerce wordpress\wp-content\themes\new-photography\template-parts\content-page.php(31): the_content()
#3 C:\xampp\htdocs\E-commerce wordpress\wp-includes\template.php(785): require('C:\\xampp\\htdocs...')
#4 C:\xampp\htdocs\E-commerce wordpress\wp-includes\template.php(718): load_template('C:\\xampp\\htdocs...', false, Array)
#5 C:\xampp\htdocs\E-commerce wordpress\wp-includes\general-template.php(204): locate_template(Array, true, false, Array)
#6 C:\xampp\htdocs\E-commerce wordpress\wp-content\themes\new-photography\page.php(24): get_template_part('template-parts/...', 'page')
#7 C:\xampp\htdocs\E-commerce wordpress\wp-includes\template-loader.php(106): include('C:\\xampp\\htdocs...')
#8 C:\xampp\htdocs\E-commerce wordpress\wp-blog-header.php(19): require_once('C:\\xampp\\htdocs...')
#9 C:\xampp\htdocs\E-commerce wordpress\index.php(17): require('C:\\xampp\\htdocs...')
#10 {main}
  thrown in C:\xampp\htdocs\E-commerce wordpress\wp-includes\class-wp-hook.php on line 308

2023-04-17T12:49:10+00:00 CRITICAL Uncaught TypeError: call_user_func_array(): Argument #1 ($callback) must be a valid callback, function "show" not found or invalid function name in C:\xampp\htdocs\E-commerce wordpress\wp-includes\class-wp-hook.php:308
Stack trace:
#0 C:\xampp\htdocs\E-commerce wordpress\wp-includes\plugin.php(205): WP_Hook->apply_filters('\n<p>This is an ...', Array)
#1 C:\xampp\htdocs\E-commerce wordpress\wp-includes\post-template.php(255): apply_filters('the_content', '<!-- wp:paragra...')
#2 C:\xampp\htdocs\E-commerce wordpress\wp-content\themes\new-photography\template-parts\content-page.php(31): the_content()
#3 C:\xampp\htdocs\E-commerce wordpress\wp-includes\template.php(785): require('C:\\xampp\\htdocs...')
#4 C:\xampp\htdocs\E-commerce wordpress\wp-includes\template.php(718): load_template('C:\\xampp\\htdocs...', false, Array)
#5 C:\xampp\htdocs\E-commerce wordpress\wp-includes\general-template.php(204): locate_template(Array, true, false, Array)
#6 C:\xampp\htdocs\E-commerce wordpress\wp-content\themes\new-photography\page.php(24): get_template_part('template-parts/...', 'page')
#7 C:\xampp\htdocs\E-commerce wordpress\wp-includes\template-loader.php(106): include('C:\\xampp\\htdocs...')
#8 C:\xampp\htdocs\E-commerce wordpress\wp-blog-header.php(19): require_once('C:\\xampp\\htdocs...')
#9 C:\xampp\htdocs\E-commerce wordpress\index.php(17): require('C:\\xampp\\htdocs...')
#10 {main}
  thrown in C:\xampp\htdocs\E-commerce wordpress\wp-includes\class-wp-hook.php on line 308

2023-04-17T12:49:21+00:00 CRITICAL Uncaught TypeError: call_user_func_array(): Argument #1 ($callback) must be a valid callback, function "show" not found or invalid function name in C:\xampp\htdocs\E-commerce wordpress\wp-includes\class-wp-hook.php:308
Stack trace:
#0 C:\xampp\htdocs\E-commerce wordpress\wp-includes\plugin.php(205): WP_Hook->apply_filters('\n<h2 class="wp-...', Array)
#1 C:\xampp\htdocs\E-commerce wordpress\wp-includes\post-template.php(255): apply_filters('the_content', '<!-- wp:heading...')
#2 C:\xampp\htdocs\E-commerce wordpress\wp-content\themes\new-photography\template-parts\content.php(53): the_content('Continue readin...')
#3 C:\xampp\htdocs\E-commerce wordpress\wp-includes\template.php(785): require('C:\\xampp\\htdocs...')
#4 C:\xampp\htdocs\E-commerce wordpress\wp-includes\template.php(718): load_template('C:\\xampp\\htdocs...', false, Array)
#5 C:\xampp\htdocs\E-commerce wordpress\wp-includes\general-template.php(204): locate_template(Array, true, false, Array)
#6 C:\xampp\htdocs\E-commerce wordpress\wp-content\themes\new-photography\single.php(19): get_template_part('template-parts/...', 'post')
#7 C:\xampp\htdocs\E-commerce wordpress\wp-includes\template-loader.php(106): include('C:\\xampp\\htdocs...')
#8 C:\xampp\htdocs\E-commerce wordpress\wp-blog-header.php(19): require_once('C:\\xampp\\htdocs...')
#9 C:\xampp\htdocs\E-commerce wordpress\index.php(17): require('C:\\xampp\\htdocs...')
#10 {main}
  thrown in C:\xampp\htdocs\E-commerce wordpress\wp-includes\class-wp-hook.php on line 308

2023-04-17T12:49:34+00:00 CRITICAL Uncaught TypeError: call_user_func_array(): Argument #1 ($callback) must be a valid callback, function "show" not found or invalid function name in C:\xampp\htdocs\E-commerce wordpress\wp-includes\class-wp-hook.php:308
Stack trace:
#0 C:\xampp\htdocs\E-commerce wordpress\wp-includes\plugin.php(205): WP_Hook->apply_filters('\n<h2 class="wp-...', Array)
#1 C:\xampp\htdocs\E-commerce wordpress\wp-includes\post-template.php(255): apply_filters('the_content', '<!-- wp:heading...')
#2 C:\xampp\htdocs\E-commerce wordpress\wp-content\themes\new-photography\template-parts\content.php(53): the_content('Continue readin...')
#3 C:\xampp\htdocs\E-commerce wordpress\wp-includes\template.php(785): require('C:\\xampp\\htdocs...')
#4 C:\xampp\htdocs\E-commerce wordpress\wp-includes\template.php(718): load_template('C:\\xampp\\htdocs...', false, Array)
#5 C:\xampp\htdocs\E-commerce wordpress\wp-includes\general-template.php(204): locate_template(Array, true, false, Array)
#6 C:\xampp\htdocs\E-commerce wordpress\wp-content\themes\new-photography\single.php(19): get_template_part('template-parts/...', 'post')
#7 C:\xampp\htdocs\E-commerce wordpress\wp-includes\template-loader.php(106): include('C:\\xampp\\htdocs...')
#8 C:\xampp\htdocs\E-commerce wordpress\wp-blog-header.php(19): require_once('C:\\xampp\\htdocs...')
#9 C:\xampp\htdocs\E-commerce wordpress\index.php(17): require('C:\\xampp\\htdocs...')
#10 {main}
  thrown in C:\xampp\htdocs\E-commerce wordpress\wp-includes\class-wp-hook.php on line 308

