2023-04-17T11:37:44+00:00 DEBUG tt4b_product_sync: missing access token for tt4b_product_sync
2023-04-17T11:37:44+00:00 DEBUG tt4b_product_sync: missing access token for tt4b_product_sync
2023-04-17T11:37:52+00:00 DEBUG tt4b_product_sync: missing access token for tt4b_product_sync
2023-04-17T11:37:52+00:00 DEBUG tt4b_product_sync: missing access token for tt4b_product_sync
2023-04-17T11:39:56+00:00 DEBUG tt4b_product_sync: missing access token for tt4b_product_sync
2023-04-17T11:43:00+00:00 DEBUG tt4b_product_sync: missing access token for tt4b_product_sync
2023-04-17T11:44:45+00:00 DEBUG tt4b_product_sync: missing access token for tt4b_product_sync
2023-04-17T11:54:34+00:00 DEBUG Tt4b_Pixel_Class::inject_view_content_event: hit injectViewContentEvent
2023-04-17T11:54:34+00:00 DEBUG Tt4b_Pixel_Class::inject_view_content_event: Missing option "access_token"
2023-04-17T11:55:24+00:00 DEBUG tt4b_product_sync: missing access token for tt4b_product_sync
2023-04-17T11:55:24+00:00 DEBUG tt4b_product_sync: missing access token for tt4b_product_sync
2023-04-17T11:56:04+00:00 DEBUG tt4b_product_sync: missing access token for tt4b_product_sync
2023-04-17T11:58:04+00:00 DEBUG tt4b_product_sync: missing access token for tt4b_product_sync
2023-04-17T11:59:04+00:00 DEBUG tt4b_product_sync: missing access token for tt4b_product_sync
2023-04-17T11:59:33+00:00 DEBUG Tt4b_Pixel_Class::inject_view_content_event: hit injectViewContentEvent
2023-04-17T11:59:33+00:00 DEBUG Tt4b_Pixel_Class::inject_view_content_event: Missing option "access_token"
2023-04-17T12:02:44+00:00 DEBUG tt4b_product_sync: missing access token for tt4b_product_sync
2023-04-17T12:02:44+00:00 DEBUG tt4b_product_sync: missing access token for tt4b_product_sync
2023-04-17T12:03:59+00:00 DEBUG tt4b_product_sync: missing access token for tt4b_product_sync
2023-04-17T12:04:15+00:00 DEBUG Tt4b_Pixel_Class::inject_view_content_event: hit injectViewContentEvent
2023-04-17T12:04:15+00:00 DEBUG Tt4b_Pixel_Class::inject_view_content_event: Missing option "access_token"
2023-04-17T12:04:34+00:00 DEBUG Tt4b_Pixel_Class::inject_view_content_event: hit injectViewContentEvent
2023-04-17T12:04:34+00:00 DEBUG Tt4b_Pixel_Class::inject_view_content_event: Missing option "access_token"
2023-04-17T12:04:56+00:00 DEBUG Tt4b_Pixel_Class::inject_view_content_event: hit injectViewContentEvent
2023-04-17T12:04:56+00:00 DEBUG Tt4b_Pixel_Class::inject_view_content_event: Missing option "access_token"
2023-04-17T12:05:06+00:00 DEBUG Tt4b_Pixel_Class::inject_add_to_cart_event: hit injectAddToCartEvent
2023-04-17T12:05:06+00:00 DEBUG Tt4b_Pixel_Class::inject_add_to_cart_event: Missing option "access_token"
2023-04-17T12:05:06+00:00 DEBUG Tt4b_Pixel_Class::inject_view_content_event: hit injectViewContentEvent
2023-04-17T12:05:06+00:00 DEBUG Tt4b_Pixel_Class::inject_view_content_event: Missing option "access_token"
2023-04-17T12:41:47+00:00 DEBUG Tt4b_Pixel_Class::inject_view_content_event: hit injectViewContentEvent
2023-04-17T12:41:47+00:00 DEBUG Tt4b_Pixel_Class::inject_view_content_event: Missing option "access_token"
2023-04-17T12:41:55+00:00 DEBUG Tt4b_Pixel_Class::inject_add_to_cart_event: hit injectAddToCartEvent
2023-04-17T12:41:55+00:00 DEBUG Tt4b_Pixel_Class::inject_add_to_cart_event: Missing option "access_token"
2023-04-17T12:41:55+00:00 DEBUG Tt4b_Pixel_Class::inject_view_content_event: hit injectViewContentEvent
2023-04-17T12:41:55+00:00 DEBUG Tt4b_Pixel_Class::inject_view_content_event: Missing option "access_token"
